0 info it worked if it ends with ok
1 verbose cli [ '/usr/local/bin/node', '/usr/local/bin/npm', 'start' ]
2 info using npm@3.3.12
3 info using node@v5.2.0
4 verbose run-script [ 'prestart', 'start', 'poststart' ]
5 info lifecycle not-in-philly@~prestart: not-in-philly@
6 silly lifecycle not-in-philly@~prestart: no script for prestart, continuing
7 info lifecycle not-in-philly@~start: not-in-philly@
8 verbose lifecycle not-in-philly@~start: unsafe-perm in lifecycle true
9 verbose lifecycle not-in-philly@~start: PATH: /usr/local/lib/node_modules/npm/bin/node-gyp-bin:/home/alex/code/notinphilly/node_modules/.bin:/usr/local/sbin:/usr/local/bin:/usr/sbin:/usr/bin:/sbin:/bin:/usr/games:/usr/local/games
10 verbose lifecycle not-in-philly@~start: CWD: /home/alex/code/notinphilly
11 silly lifecycle not-in-philly@~start: Args: [ '-c', 'node server.js' ]
12 silly lifecycle not-in-philly@~start: Returned: code: 1  signal: null
13 info lifecycle not-in-philly@~start: Failed to exec start script
14 verbose stack Error: not-in-philly@ start: `node server.js`
14 verbose stack Exit status 1
14 verbose stack     at EventEmitter.<anonymous> (/usr/local/lib/node_modules/npm/lib/utils/lifecycle.js:232:16)
14 verbose stack     at emitTwo (events.js:88:13)
14 verbose stack     at EventEmitter.emit (events.js:173:7)
14 verbose stack     at ChildProcess.<anonymous> (/usr/local/lib/node_modules/npm/lib/utils/spawn.js:24:14)
14 verbose stack     at emitTwo (events.js:88:13)
14 verbose stack     at ChildProcess.emit (events.js:173:7)
14 verbose stack     at maybeClose (internal/child_process.js:819:16)
14 verbose stack     at Process.ChildProcess._handle.onexit (internal/child_process.js:212:5)
15 verbose pkgid not-in-philly@
16 verbose cwd /home/alex/code/notinphilly
17 error Linux 3.16.0-59-generic
18 error argv "/usr/local/bin/node" "/usr/local/bin/npm" "start"
19 error node v5.2.0
20 error npm  v3.3.12
21 error code ELIFECYCLE
22 error not-in-philly@ start: `node server.js`
22 error Exit status 1
23 error Failed at the not-in-philly@ start script 'node server.js'.
23 error Make sure you have the latest version of node.js and npm installed.
23 error If you do, this is most likely a problem with the not-in-philly package,
23 error not with npm itself.
23 error Tell the author that this fails on your system:
23 error     node server.js
23 error You can get their info via:
23 error     npm owner ls not-in-philly
23 error There is likely additional logging output above.
24 verbose exit [ 1, true ]
